
Status for device COM1:
-----------------------
    Baud:            1200
    Parity:          None
    Data Bits:       7
    Stop Bits:       1
    Timeout:         ON
    XON/XOFF:        OFF
    CTS handshaking: OFF
    DSR handshaking: OFF
    DSR sensitivity: OFF
    DTR circuit:     OFF
    RTS circuit:     OFF


Status for device COM42:
------------------------
    Baud:            0
    Parity:          None
    Data Bits:       8
    Stop Bits:       1
    Timeout:         OFF
    XON/XOFF:        OFF
    CTS handshaking: OFF
    DSR handshaking: OFF
    DSR sensitivity: OFF
    DTR circuit:     OFF
    RTS circuit:     ON


Status for device CON:
----------------------
    Lines:          9001
    Columns:        120
    Keyboard rate:  31
    Keyboard delay: 1
    Code page:      437

